2022/04/09 14:18:53 date:n=>2022/04/09 14:18:53
2022/04/09 14:20:24 date:n=>2022/04/09 14:20:24
2022/04/11 00:02:44 company:e f r 10=>393.701
2022/04/11 20:14:45 company:l a c 1=>101.325
2022/04/11 20:15:16 company:h a c 1=>255.928
2022/04/11 20:15:33 company:h b c 1=>274.15
2022/04/12 13:05:41 bigNum:(((1+1)+2)+3)=>7
2022/04/13 17:43:39 common:c(2,2)=>1
2022/04/13 17:43:51 common:c(2,2)=>1
2022/04/13 17:44:07 common:c(4,3)=>4
2022/04/13 17:44:33 common:p(4,3)=>24
2022/04/13 17:48:41 common:123^23=>1.16901e+48
2022/04/13 17:51:27 common:batch test.txt out.txt=>batch OK
2022/04/13 18:13:16 common:1/0=>inf
2022/04/13 18:13:35 common:10^10=>1e+10
2022/04/13 18:28:19 bigNum:4^4=>256
2022/04/13 18:28:29 bigNum:4^4=>256
2022/04/13 18:28:33 bigNum:4^40=>1208925819614629174706176
2022/04/13 18:28:57 bigNum:4^400=>6668014432879854274079851790721257797144758322315908160396257811764037237817632071521432200871554290742929910593433240445888801654119365080363356052330830046095157579514014558463078285911814024728965016135886601981690748037476461291163877376
2022/04/13 18:30:51 common:cos(1)=>0.540302
